[0.074s] Invoking command in '/home/olympusolutions/senior_ws/build/extender_arduino': CMAKE_PREFIX_PATH=${CMAKE_PREFIX_PATH}:/home/olympusolutions/senior_ws/install/twist_stamper:/home/olympusolutions/senior_ws/install/serial_motor_demo:/home/olympusolutions/senior_ws/install/my_package:/home/olympusolutions/senior_ws/install/listener_package:/home/olympusolutions/senior_ws/install/joy_tester:/opt/ros/jazzy DEBUGINFOD_URLS=https://debuginfod.ubuntu.com /usr/bin/cmake --build /home/olympusolutions/senior_ws/build/extender_arduino -- -j4 -l4
[0.507s] [ 50%] [32mBuilding CXX object CMakeFiles/extender_arduino.dir/hardware/diffbot_system.cpp.o[0m
[16.897s] [01m[K/home/olympusolutions/senior_ws/src/extender_arduino/hardware/diffbot_system.cpp:[m[K In member function â€˜[01m[Kvirtual std::vector<hardware_interface::StateInterface> extender_arduino::ExtenderArduinoHardware::[01;32m[Kexport_state_interfaces[m[K()[m[Kâ€™:
[16.898s] [01m[K/home/olympusolutions/senior_ws/src/extender_arduino/hardware/diffbot_system.cpp:149:22:[m[K [01;31m[Kerror: [m[Kâ€˜[01m[Khhardware_interface[m[Kâ€™ was not declared in this scope; did you mean â€˜[01m[Khardware_interface[m[Kâ€™?
[16.898s]   149 |     gripper_l_.name, [01;31m[Khhardware_interface[m[K::HW_IF_VELOCITY, &gripper_l_.vel));
[16.898s]       |                      [01;31m[K^~~~~~~~~~~~~~~~~~~[m[K
[16.898s]       |                      [32m[Khardware_interface[m[K
[16.910s] [01m[K/home/olympusolutions/senior_ws/src/extender_arduino/hardware/diffbot_system.cpp:[m[K In member function â€˜[01m[Kvirtual hardware_interface::return_type extender_arduino::ExtenderArduinoHardware::[01;32m[Kread[m[K(const rclcpp::Time&, const rclcpp::Duration&)[m[Kâ€™:
[16.910s] [01m[K/home/olympusolutions/senior_ws/src/extender_arduino/hardware/diffbot_system.cpp:247:39:[m[K [01;31m[Kerror: [m[Kâ€˜[01m[Kclass Gripper[m[Kâ€™ has no member named â€˜[01m[Kenc[m[Kâ€™
[16.910s]   247 |   comms_.read_servo_values(gripper_l_.[01;31m[Kenc[m[K, gripper_r_.enc);
[16.910s]       |                                       [01;31m[K^~~[m[K
[16.910s] [01m[K/home/olympusolutions/senior_ws/src/extender_arduino/hardware/diffbot_system.cpp:247:55:[m[K [01;31m[Kerror: [m[Kâ€˜[01m[Kclass Gripper[m[Kâ€™ has no member named â€˜[01m[Kenc[m[Kâ€™
[16.910s]   247 |   comms_.read_servo_values(gripper_l_.enc, gripper_r_.[01;31m[Kenc[m[K);
[16.910s]       |                                                       [01;31m[K^~~[m[K
[21.178s] gmake[2]: *** [CMakeFiles/extender_arduino.dir/build.make:76: CMakeFiles/extender_arduino.dir/hardware/diffbot_system.cpp.o] Error 1
[21.178s] gmake[1]: *** [CMakeFiles/Makefile2:137: CMakeFiles/extender_arduino.dir/all] Error 2
[21.178s] gmake: *** [Makefile:146: all] Error 2
[21.228s] Invoked command in '/home/olympusolutions/senior_ws/build/extender_arduino' returned '2': CMAKE_PREFIX_PATH=${CMAKE_PREFIX_PATH}:/home/olympusolutions/senior_ws/install/twist_stamper:/home/olympusolutions/senior_ws/install/serial_motor_demo:/home/olympusolutions/senior_ws/install/my_package:/home/olympusolutions/senior_ws/install/listener_package:/home/olympusolutions/senior_ws/install/joy_tester:/opt/ros/jazzy DEBUGINFOD_URLS=https://debuginfod.ubuntu.com /usr/bin/cmake --build /home/olympusolutions/senior_ws/build/extender_arduino -- -j4 -l4
