[0.153s] Invoking command in '/home/olympusolutions/senior_ws/build/nav2_msgs': AMENT_PREFIX_PATH=/home/olympusolutions/senior_ws/install/nav2_common:${AMENT_PREFIX_PATH} CMAKE_PREFIX_PATH=/home/olympusolutions/senior_ws/install/nav2_common:/home/olympusolutions/senior_ws/install/sllidar_ros2:/home/olympusolutions/senior_ws/install/serial_motor_demo_msgs:/home/olympusolutions/senior_ws/install/serial:/home/olympusolutions/senior_ws/install/minibot:/home/olympusolutions/senior_ws/install/extender_arduino:/home/olympusolutions/senior_ws/install/diffdrive_arduino:/opt/ros/jazzy/opt/gz_sim_vendor:/opt/ros/jazzy/opt/gz_sensors_vendor:/opt/ros/jazzy/opt/gz_physics_vendor:/opt/ros/jazzy/opt/sdformat_vendor:/opt/ros/jazzy/opt/gz_gui_vendor:/opt/ros/jazzy/opt/gz_transport_vendor:/opt/ros/jazzy/opt/gz_rendering_vendor:/opt/ros/jazzy/opt/gz_plugin_vendor:/opt/ros/jazzy/opt/gz_fuel_tools_vendor:/opt/ros/jazzy/opt/gz_msgs_vendor:/opt/ros/jazzy/opt/gz_common_vendor:/opt/ros/jazzy/opt/gz_math_vendor:/opt/ros/jazzy/opt/gz_utils_vendor:/opt/ros/jazzy/opt/gz_tools_vendor:/opt/ros/jazzy/opt/gz_ogre_next_vendor:/opt/ros/jazzy/opt/gz_dartsim_vendor:/opt/ros/jazzy/opt/gz_cmake_vendor:/home/olympusolutions/senior_ws/install/twist_stamper:/home/olympusolutions/senior_ws/install/serial_motor_demo:/home/olympusolutions/senior_ws/install/my_package:/home/olympusolutions/senior_ws/install/listener_package:/home/olympusolutions/senior_ws/install/joy_tester:/opt/ros/jazzy DEBUGINFOD_URLS=https://debuginfod.ubuntu.com PYTHONPATH=/home/olympusolutions/senior_ws/install/nav2_common/lib/python3.12/site-packages:${PYTHONPATH} /usr/bin/cmake /home/olympusolutions/senior_ws/navigation2/nav2_msgs -DCMAKE_INSTALL_PREFIX=/home/olympusolutions/senior_ws/install/nav2_msgs
[0.471s] -- The C compiler identification is GNU 13.3.0
[0.983s] -- The CXX compiler identification is GNU 13.3.0
[1.139s] -- Detecting C compiler ABI info
[1.716s] -- Detecting C compiler ABI info - done
[1.746s] -- Check for working C compiler: /usr/bin/cc - skipped
[1.750s] -- Detecting C compile features
[1.756s] -- Detecting C compile features - done
[1.832s] -- Detecting CXX compiler ABI info
[2.635s] -- Detecting CXX compiler ABI info - done
[2.697s] -- Check for working CXX compiler: /usr/bin/c++ - skipped
[2.698s] -- Detecting CXX compile features
[2.698s] -- Detecting CXX compile features - done
[2.729s] -- Found ament_cmake: 2.5.3 (/opt/ros/jazzy/share/ament_cmake/cmake)
[3.932s] -- Found Python3: /usr/bin/python3 (found version "3.12.3") found components: Interpreter 
[4.979s] -- Found nav2_common: 1.3.5 (/home/olympusolutions/senior_ws/install/nav2_common/share/nav2_common/cmake)
[4.991s] -- Found builtin_interfaces: 2.0.2 (/opt/ros/jazzy/share/builtin_interfaces/cmake)
[5.262s] -- Found rosidl_generator_c: 4.6.5 (/opt/ros/jazzy/share/rosidl_generator_c/cmake)
[5.329s] -- Found rosidl_generator_cpp: 4.6.5 (/opt/ros/jazzy/share/rosidl_generator_cpp/cmake)
[5.449s] -- Using all available rosidl_typesupport_c: rosidl_typesupport_fastrtps_c;rosidl_typesupport_introspection_c
[5.552s] -- Using all available rosidl_typesupport_cpp: rosidl_typesupport_fastrtps_cpp;rosidl_typesupport_introspection_cpp
[5.657s] -- Found nav_msgs: 5.3.5 (/opt/ros/jazzy/share/nav_msgs/cmake)
[6.258s] -- Found rosidl_default_generators: 1.6.0 (/opt/ros/jazzy/share/rosidl_default_generators/cmake)
[6.397s] -- Found rosidl_adapter: 4.6.5 (/opt/ros/jazzy/share/rosidl_adapter/cmake)
[6.425s] -- Found geographic_msgs: 1.0.6 (/opt/ros/jazzy/share/geographic_msgs/cmake)
[6.762s] -- Found action_msgs: 2.0.2 (/opt/ros/jazzy/share/action_msgs/cmake)
[6.922s] -- Setting build type to Release as none was specified.
[9.566s] -- Found ament_cmake_ros: 0.12.0 (/opt/ros/jazzy/share/ament_cmake_ros/cmake)
[13.515s] -- Using all available rosidl_typesupport_c: rosidl_typesupport_fastrtps_c;rosidl_typesupport_introspection_c
[15.892s] -- Using all available rosidl_typesupport_cpp: rosidl_typesupport_fastrtps_cpp;rosidl_typesupport_introspection_cpp
[15.903s] -- Found python_cmake_module: 0.11.1 (/opt/ros/jazzy/share/python_cmake_module/cmake)
[16.641s] -- Found PythonExtra: /usr/bin/python3  
[19.206s] -- Found Python3: /usr/bin/python3 (found version "3.12.3") found components: Interpreter Development NumPy Development.Module Development.Embed 
[19.696s] -- Configuring done (19.5s)
[20.559s] -- Generating done (0.7s)
[20.758s] -- Build files have been written to: /home/olympusolutions/senior_ws/build/nav2_msgs
[20.965s] Invoked command in '/home/olympusolutions/senior_ws/build/nav2_msgs' returned '0': AMENT_PREFIX_PATH=/home/olympusolutions/senior_ws/install/nav2_common:${AMENT_PREFIX_PATH} CMAKE_PREFIX_PATH=/home/olympusolutions/senior_ws/install/nav2_common:/home/olympusolutions/senior_ws/install/sllidar_ros2:/home/olympusolutions/senior_ws/install/serial_motor_demo_msgs:/home/olympusolutions/senior_ws/install/serial:/home/olympusolutions/senior_ws/install/minibot:/home/olympusolutions/senior_ws/install/extender_arduino:/home/olympusolutions/senior_ws/install/diffdrive_arduino:/opt/ros/jazzy/opt/gz_sim_vendor:/opt/ros/jazzy/opt/gz_sensors_vendor:/opt/ros/jazzy/opt/gz_physics_vendor:/opt/ros/jazzy/opt/sdformat_vendor:/opt/ros/jazzy/opt/gz_gui_vendor:/opt/ros/jazzy/opt/gz_transport_vendor:/opt/ros/jazzy/opt/gz_rendering_vendor:/opt/ros/jazzy/opt/gz_plugin_vendor:/opt/ros/jazzy/opt/gz_fuel_tools_vendor:/opt/ros/jazzy/opt/gz_msgs_vendor:/opt/ros/jazzy/opt/gz_common_vendor:/opt/ros/jazzy/opt/gz_math_vendor:/opt/ros/jazzy/opt/gz_utils_vendor:/opt/ros/jazzy/opt/gz_tools_vendor:/opt/ros/jazzy/opt/gz_ogre_next_vendor:/opt/ros/jazzy/opt/gz_dartsim_vendor:/opt/ros/jazzy/opt/gz_cmake_vendor:/home/olympusolutions/senior_ws/install/twist_stamper:/home/olympusolutions/senior_ws/install/serial_motor_demo:/home/olympusolutions/senior_ws/install/my_package:/home/olympusolutions/senior_ws/install/listener_package:/home/olympusolutions/senior_ws/install/joy_tester:/opt/ros/jazzy DEBUGINFOD_URLS=https://debuginfod.ubuntu.com PYTHONPATH=/home/olympusolutions/senior_ws/install/nav2_common/lib/python3.12/site-packages:${PYTHONPATH} /usr/bin/cmake /home/olympusolutions/senior_ws/navigation2/nav2_msgs -DCMAKE_INSTALL_PREFIX=/home/olympusolutions/senior_ws/install/nav2_msgs
[20.966s] Invoking command in '/home/olympusolutions/senior_ws/build/nav2_msgs': AMENT_PREFIX_PATH=/home/olympusolutions/senior_ws/install/nav2_common:${AMENT_PREFIX_PATH} CMAKE_PREFIX_PATH=/home/olympusolutions/senior_ws/install/nav2_common:/home/olympusolutions/senior_ws/install/sllidar_ros2:/home/olympusolutions/senior_ws/install/serial_motor_demo_msgs:/home/olympusolutions/senior_ws/install/serial:/home/olympusolutions/senior_ws/install/minibot:/home/olympusolutions/senior_ws/install/extender_arduino:/home/olympusolutions/senior_ws/install/diffdrive_arduino:/opt/ros/jazzy/opt/gz_sim_vendor:/opt/ros/jazzy/opt/gz_sensors_vendor:/opt/ros/jazzy/opt/gz_physics_vendor:/opt/ros/jazzy/opt/sdformat_vendor:/opt/ros/jazzy/opt/gz_gui_vendor:/opt/ros/jazzy/opt/gz_transport_vendor:/opt/ros/jazzy/opt/gz_rendering_vendor:/opt/ros/jazzy/opt/gz_plugin_vendor:/opt/ros/jazzy/opt/gz_fuel_tools_vendor:/opt/ros/jazzy/opt/gz_msgs_vendor:/opt/ros/jazzy/opt/gz_common_vendor:/opt/ros/jazzy/opt/gz_math_vendor:/opt/ros/jazzy/opt/gz_utils_vendor:/opt/ros/jazzy/opt/gz_tools_vendor:/opt/ros/jazzy/opt/gz_ogre_next_vendor:/opt/ros/jazzy/opt/gz_dartsim_vendor:/opt/ros/jazzy/opt/gz_cmake_vendor:/home/olympusolutions/senior_ws/install/twist_stamper:/home/olympusolutions/senior_ws/install/serial_motor_demo:/home/olympusolutions/senior_ws/install/my_package:/home/olympusolutions/senior_ws/install/listener_package:/home/olympusolutions/senior_ws/install/joy_tester:/opt/ros/jazzy DEBUGINFOD_URLS=https://debuginfod.ubuntu.com PYTHONPATH=/home/olympusolutions/senior_ws/install/nav2_common/lib/python3.12/site-packages:${PYTHONPATH} /usr/bin/cmake --build /home/olympusolutions/senior_ws/build/nav2_msgs -- -j4 -l4
[21.573s] [  1%] [34m[1mGenerating type hashes for ROS interfaces[0m
[21.591s] [  1%] Built target ament_cmake_python_copy_nav2_msgs
[22.713s] running egg_info
[22.718s] creating nav2_msgs.egg-info
[22.874s] writing nav2_msgs.egg-info/PKG-INFO
[22.876s] writing dependency_links to nav2_msgs.egg-info/dependency_links.txt
[22.876s] writing top-level names to nav2_msgs.egg-info/top_level.txt
[22.877s] writing manifest file 'nav2_msgs.egg-info/SOURCES.txt'
[23.436s] reading manifest file 'nav2_msgs.egg-info/SOURCES.txt'
[23.436s] writing manifest file 'nav2_msgs.egg-info/SOURCES.txt'
[23.707s] [  1%] Built target ament_cmake_python_build_nav2_msgs_egg
[28.129s] Traceback (most recent call last):
[28.130s]   File "/opt/ros/jazzy/lib/rosidl_generator_type_description/rosidl_generator_type_description", line 50, in <module>
[28.130s]     sys.exit(main())
[28.130s]              ^^^^^^
[28.130s]   File "/opt/ros/jazzy/lib/rosidl_generator_type_description/rosidl_generator_type_description", line 46, in main
[28.130s]     generate_type_hash(args.generator_arguments_file)
[28.130s]   File "/opt/ros/jazzy/lib/python3.12/site-packages/rosidl_generator_type_description/__init__.py", line 116, in generate_type_hash
[28.130s]     idl_file = parse_idl_file(locator)
[28.130s]                ^^^^^^^^^^^^^^^^^^^^^^^
[28.131s]   File "/opt/ros/jazzy/lib/python3.12/site-packages/rosidl_parser/parser.py", line 64, in parse_idl_file
[28.134s]     content = parse_idl_string(string, png_file=png_file)
[28.138s]               ^^^^^^^^^^^^^^^^^^^^^^^^^^^^^^^^^^^^^^^^^^^
[28.139s]   File "/opt/ros/jazzy/lib/python3.12/site-packages/rosidl_parser/parser.py", line 72, in parse_idl_string
[28.139s]     tree = get_ast_from_idl_string(idl_string)
[28.139s]            ^^^^^^^^^^^^^^^^^^^^^^^^^^^^^^^^^^^
[28.140s]   File "/opt/ros/jazzy/lib/python3.12/site-packages/rosidl_parser/parser.py", line 89, in get_ast_from_idl_string
[28.140s]     return _parser.parse(idl_string)
[28.140s]            ^^^^^^^^^^^^^^^^^^^^^^^^^
[28.140s]   File "/usr/lib/python3/dist-packages/lark/lark.py", line 658, in parse
[28.163s]     return self.parser.parse(text, start=start, on_error=on_error)
[28.164s]            ^^^^^^^^^^^^^^^^^^^^^^^^^^^^^^^^^^^^^^^^^^^^^^^^^^^^^^^
[28.164s]   File "/usr/lib/python3/dist-packages/lark/parser_frontends.py", line 104, in parse
[28.164s]     return self.parser.parse(stream, chosen_start, **kw)
[28.164s]            ^^^^^^^^^^^^^^^^^^^^^^^^^^^^^^^^^^^^^^^^^^^^^
[28.164s]   File "/usr/lib/python3/dist-packages/lark/parsers/earley.py", line 279, in parse
[28.165s]     to_scan = self._parse(lexer, columns, to_scan, start_symbol)
[28.168s]               ^^^^^^^^^^^^^^^^^^^^^^^^^^^^^^^^^^^^^^^^^^^^^^^^^^
[28.169s]   File "/usr/lib/python3/dist-packages/lark/parsers/xearley.py", line 150, in _parse
[28.170s]     self.predict_and_complete(i, to_scan, columns, transitives)
[28.170s]   File "/usr/lib/python3/dist-packages/lark/parsers/earley.py", line 135, in predict_and_complete
[28.170s]     originators = [originator for originator in columns[item.start] if originator.expect is not None and originator.expect == item.s]
[28.170s]                                                                                                          ^^^^^^^^^^^^^^^^^^^^^^^^^^^
[28.171s]   File "/usr/lib/python3/dist-packages/lark/grammar.py", line 20, in __eq__
[28.176s]     return self.is_term == other.is_term and self.name == other.name
[28.178s]                                              ^^^^^^^^^^^^^^^^^^^^^^^
[28.180s]   File "/usr/lib/python3/dist-packages/lark/lexer.py", line 265, in __eq__
[28.182s]     def __eq__(self, other):
[28.182s] 
[28.182s] KeyboardInterrupt
[28.280s] gmake[2]: *** [CMakeFiles/nav2_msgs__rosidl_generator_type_description.dir/build.make:153: rosidl_generator_type_description/nav2_msgs/msg/CollisionMonitorState.json] Interrupt
[28.281s] gmake[1]: *** [CMakeFiles/Makefile2:215: CMakeFiles/nav2_msgs__rosidl_generator_type_description.dir/all] Interrupt
[28.282s] gmake: *** [Makefile:146: all] Interrupt
