[0.102s] Invoking command in '/home/olympusolutions/senior_ws/build/nav2_voxel_grid': AMENT_PREFIX_PATH=/home/olympusolutions/senior_ws/install/nav2_common:${AMENT_PREFIX_PATH} CMAKE_PREFIX_PATH=/home/olympusolutions/senior_ws/install/nav2_common:/home/olympusolutions/senior_ws/install/sllidar_ros2:/home/olympusolutions/senior_ws/install/serial_motor_demo_msgs:/home/olympusolutions/senior_ws/install/serial:/home/olympusolutions/senior_ws/install/minibot:/home/olympusolutions/senior_ws/install/extender_arduino:/home/olympusolutions/senior_ws/install/diffdrive_arduino:/opt/ros/jazzy/opt/gz_sim_vendor:/opt/ros/jazzy/opt/gz_sensors_vendor:/opt/ros/jazzy/opt/gz_physics_vendor:/opt/ros/jazzy/opt/sdformat_vendor:/opt/ros/jazzy/opt/gz_gui_vendor:/opt/ros/jazzy/opt/gz_transport_vendor:/opt/ros/jazzy/opt/gz_rendering_vendor:/opt/ros/jazzy/opt/gz_plugin_vendor:/opt/ros/jazzy/opt/gz_fuel_tools_vendor:/opt/ros/jazzy/opt/gz_msgs_vendor:/opt/ros/jazzy/opt/gz_common_vendor:/opt/ros/jazzy/opt/gz_math_vendor:/opt/ros/jazzy/opt/gz_utils_vendor:/opt/ros/jazzy/opt/gz_tools_vendor:/opt/ros/jazzy/opt/gz_ogre_next_vendor:/opt/ros/jazzy/opt/gz_dartsim_vendor:/opt/ros/jazzy/opt/gz_cmake_vendor:/home/olympusolutions/senior_ws/install/twist_stamper:/home/olympusolutions/senior_ws/install/serial_motor_demo:/home/olympusolutions/senior_ws/install/my_package:/home/olympusolutions/senior_ws/install/listener_package:/home/olympusolutions/senior_ws/install/joy_tester:/opt/ros/jazzy DEBUGINFOD_URLS=https://debuginfod.ubuntu.com PYTHONPATH=/home/olympusolutions/senior_ws/install/nav2_common/lib/python3.12/site-packages:${PYTHONPATH} /usr/bin/cmake /home/olympusolutions/senior_ws/navigation2/nav2_voxel_grid -DCMAKE_INSTALL_PREFIX=/home/olympusolutions/senior_ws/install/nav2_voxel_grid
[0.529s] -- The C compiler identification is GNU 13.3.0
[1.021s] -- The CXX compiler identification is GNU 13.3.0
[1.149s] -- Detecting C compiler ABI info
[1.995s] -- Detecting C compiler ABI info - done
[2.050s] -- Check for working C compiler: /usr/bin/cc - skipped
[2.052s] -- Detecting C compile features
[2.054s] -- Detecting C compile features - done
[2.095s] -- Detecting CXX compiler ABI info
[2.750s] -- Detecting CXX compiler ABI info - done
[2.823s] -- Check for working CXX compiler: /usr/bin/c++ - skipped
[2.827s] -- Detecting CXX compile features
[2.827s] -- Detecting CXX compile features - done
[2.842s] -- Found ament_cmake: 2.5.3 (/opt/ros/jazzy/share/ament_cmake/cmake)
[3.704s] -- Found Python3: /usr/bin/python3 (found version "3.12.3") found components: Interpreter 
[4.289s] -- Found nav2_common: 1.3.5 (/home/olympusolutions/senior_ws/install/nav2_common/share/nav2_common/cmake)
[4.299s] -- Found rclcpp: 28.1.6 (/opt/ros/jazzy/share/rclcpp/cmake)
[4.428s] -- Found rosidl_generator_c: 4.6.5 (/opt/ros/jazzy/share/rosidl_generator_c/cmake)
[4.472s] -- Found rosidl_generator_cpp: 4.6.5 (/opt/ros/jazzy/share/rosidl_generator_cpp/cmake)
[4.522s] -- Using all available rosidl_typesupport_c: rosidl_typesupport_fastrtps_c;rosidl_typesupport_introspection_c
[4.576s] -- Using all available rosidl_typesupport_cpp: rosidl_typesupport_fastrtps_cpp;rosidl_typesupport_introspection_cpp
[4.792s] -- Found rmw_implementation_cmake: 7.3.1 (/opt/ros/jazzy/share/rmw_implementation_cmake/cmake)
[4.813s] -- Found rmw_fastrtps_cpp: 8.4.1 (/opt/ros/jazzy/share/rmw_fastrtps_cpp/cmake)
[5.108s] -- Found OpenSSL: /usr/lib/aarch64-linux-gnu/libcrypto.so (found version "3.0.13")  
[5.157s] -- Found FastRTPS: /opt/ros/jazzy/include (Required is at least version "2.13") 
[5.276s] -- Using RMW implementation 'rmw_fastrtps_cpp' as default
[5.518s] -- Setting build type to Release as none was specified.
[5.529s] -- Found ament_lint_auto: 0.17.1 (/opt/ros/jazzy/share/ament_lint_auto/cmake)
[6.038s] -- Found gtest sources under '/opt/ros/jazzy/src/gtest_vendor': C++ tests using 'Google Test' will be built
[6.049s] -- Performing Test CMAKE_HAVE_LIBC_PTHREAD
[6.412s] -- Performing Test CMAKE_HAVE_LIBC_PTHREAD - Success
[6.414s] -- Found Threads: TRUE  
[6.431s] -- Added test 'cppcheck' to perform static code analysis on C / C++ code
[6.435s] -- Configured cppcheck include dirs: /home/olympusolutions/senior_ws/navigation2/nav2_voxel_grid/include
[6.435s] -- Configured cppcheck exclude dirs and/or files: 
[6.438s] -- Added test 'cpplint' to check C / C++ code against the Google style
[6.441s] -- Configured cpplint exclude dirs and/or files: 
[6.445s] -- Added test 'lint_cmake' to check CMake code style
[6.450s] -- Added test 'uncrustify' to check C / C++ code style
[6.453s] -- Configured uncrustify additional arguments: 
[6.463s] -- Added test 'xmllint' to check XML markup files
[6.485s] -- Configuring done (6.3s)
[6.557s] -- Generating done (0.1s)
[6.584s] -- Build files have been written to: /home/olympusolutions/senior_ws/build/nav2_voxel_grid
[6.625s] Invoked command in '/home/olympusolutions/senior_ws/build/nav2_voxel_grid' returned '0': AMENT_PREFIX_PATH=/home/olympusolutions/senior_ws/install/nav2_common:${AMENT_PREFIX_PATH} CMAKE_PREFIX_PATH=/home/olympusolutions/senior_ws/install/nav2_common:/home/olympusolutions/senior_ws/install/sllidar_ros2:/home/olympusolutions/senior_ws/install/serial_motor_demo_msgs:/home/olympusolutions/senior_ws/install/serial:/home/olympusolutions/senior_ws/install/minibot:/home/olympusolutions/senior_ws/install/extender_arduino:/home/olympusolutions/senior_ws/install/diffdrive_arduino:/opt/ros/jazzy/opt/gz_sim_vendor:/opt/ros/jazzy/opt/gz_sensors_vendor:/opt/ros/jazzy/opt/gz_physics_vendor:/opt/ros/jazzy/opt/sdformat_vendor:/opt/ros/jazzy/opt/gz_gui_vendor:/opt/ros/jazzy/opt/gz_transport_vendor:/opt/ros/jazzy/opt/gz_rendering_vendor:/opt/ros/jazzy/opt/gz_plugin_vendor:/opt/ros/jazzy/opt/gz_fuel_tools_vendor:/opt/ros/jazzy/opt/gz_msgs_vendor:/opt/ros/jazzy/opt/gz_common_vendor:/opt/ros/jazzy/opt/gz_math_vendor:/opt/ros/jazzy/opt/gz_utils_vendor:/opt/ros/jazzy/opt/gz_tools_vendor:/opt/ros/jazzy/opt/gz_ogre_next_vendor:/opt/ros/jazzy/opt/gz_dartsim_vendor:/opt/ros/jazzy/opt/gz_cmake_vendor:/home/olympusolutions/senior_ws/install/twist_stamper:/home/olympusolutions/senior_ws/install/serial_motor_demo:/home/olympusolutions/senior_ws/install/my_package:/home/olympusolutions/senior_ws/install/listener_package:/home/olympusolutions/senior_ws/install/joy_tester:/opt/ros/jazzy DEBUGINFOD_URLS=https://debuginfod.ubuntu.com PYTHONPATH=/home/olympusolutions/senior_ws/install/nav2_common/lib/python3.12/site-packages:${PYTHONPATH} /usr/bin/cmake /home/olympusolutions/senior_ws/navigation2/nav2_voxel_grid -DCMAKE_INSTALL_PREFIX=/home/olympusolutions/senior_ws/install/nav2_voxel_grid
[6.626s] Invoking command in '/home/olympusolutions/senior_ws/build/nav2_voxel_grid': AMENT_PREFIX_PATH=/home/olympusolutions/senior_ws/install/nav2_common:${AMENT_PREFIX_PATH} CMAKE_PREFIX_PATH=/home/olympusolutions/senior_ws/install/nav2_common:/home/olympusolutions/senior_ws/install/sllidar_ros2:/home/olympusolutions/senior_ws/install/serial_motor_demo_msgs:/home/olympusolutions/senior_ws/install/serial:/home/olympusolutions/senior_ws/install/minibot:/home/olympusolutions/senior_ws/install/extender_arduino:/home/olympusolutions/senior_ws/install/diffdrive_arduino:/opt/ros/jazzy/opt/gz_sim_vendor:/opt/ros/jazzy/opt/gz_sensors_vendor:/opt/ros/jazzy/opt/gz_physics_vendor:/opt/ros/jazzy/opt/sdformat_vendor:/opt/ros/jazzy/opt/gz_gui_vendor:/opt/ros/jazzy/opt/gz_transport_vendor:/opt/ros/jazzy/opt/gz_rendering_vendor:/opt/ros/jazzy/opt/gz_plugin_vendor:/opt/ros/jazzy/opt/gz_fuel_tools_vendor:/opt/ros/jazzy/opt/gz_msgs_vendor:/opt/ros/jazzy/opt/gz_common_vendor:/opt/ros/jazzy/opt/gz_math_vendor:/opt/ros/jazzy/opt/gz_utils_vendor:/opt/ros/jazzy/opt/gz_tools_vendor:/opt/ros/jazzy/opt/gz_ogre_next_vendor:/opt/ros/jazzy/opt/gz_dartsim_vendor:/opt/ros/jazzy/opt/gz_cmake_vendor:/home/olympusolutions/senior_ws/install/twist_stamper:/home/olympusolutions/senior_ws/install/serial_motor_demo:/home/olympusolutions/senior_ws/install/my_package:/home/olympusolutions/senior_ws/install/listener_package:/home/olympusolutions/senior_ws/install/joy_tester:/opt/ros/jazzy DEBUGINFOD_URLS=https://debuginfod.ubuntu.com PYTHONPATH=/home/olympusolutions/senior_ws/install/nav2_common/lib/python3.12/site-packages:${PYTHONPATH} /usr/bin/cmake --build /home/olympusolutions/senior_ws/build/nav2_voxel_grid -- -j4 -l4
[6.812s] [ 10%] [32mBuilding CXX object CMakeFiles/voxel_grid.dir/src/voxel_grid.cpp.o[0m
[6.836s] [ 20%] [32mBuilding CXX object gtest/CMakeFiles/gtest_main.dir/src/gtest_main.cc.o[0m
[6.851s] [ 30%] [32mBuilding CXX object gtest/CMakeFiles/gtest.dir/src/gtest-all.cc.o[0m
[11.598s] [ 40%] [32m[1mLinking CXX static library libgtest_main.a[0m
[11.769s] [ 40%] Built target gtest_main
[24.641s] gmake[2]: *** [CMakeFiles/voxel_grid.dir/build.make:76: CMakeFiles/voxel_grid.dir/src/voxel_grid.cpp.o] Interrupt
[24.663s] gmake[1]: *** [CMakeFiles/Makefile2:174: CMakeFiles/voxel_grid.dir/all] Interrupt
[24.700s] gmake[2]: *** [gtest/CMakeFiles/gtest.dir/build.make:76: gtest/CMakeFiles/gtest.dir/src/gtest-all.cc.o] Interrupt
[24.701s] gmake[1]: *** [CMakeFiles/Makefile2:256: gtest/CMakeFiles/gtest.dir/all] Interrupt
[24.715s] gmake: *** [Makefile:146: all] Interrupt
