[0.095s] Invoking command in '/home/olympusolutions/senior_ws/build/extender_arduino': CMAKE_PREFIX_PATH=${CMAKE_PREFIX_PATH}:/home/olympusolutions/senior_ws/install/twist_stamper:/home/olympusolutions/senior_ws/install/serial_motor_demo:/home/olympusolutions/senior_ws/install/my_package:/home/olympusolutions/senior_ws/install/listener_package:/home/olympusolutions/senior_ws/install/joy_tester:/opt/ros/jazzy DEBUGINFOD_URLS=https://debuginfod.ubuntu.com /usr/bin/cmake --build /home/olympusolutions/senior_ws/build/extender_arduino -- -j4 -l4
[0.549s] [ 50%] [32mBuilding CXX object CMakeFiles/extender_arduino.dir/hardware/diffbot_system.cpp.o[0m
[18.319s] [01m[K/home/olympusolutions/senior_ws/src/extender_arduino/hardware/diffbot_system.cpp:[m[K In member function â€˜[01m[Kvirtual hardware_interface::return_type extender_arduino::ExtenderArduinoHardware::[01;32m[Kread[m[K(const rclcpp::Time&, const rclcpp::Duration&)[m[Kâ€™:
[18.320s] [01m[K/home/olympusolutions/senior_ws/src/extender_arduino/hardware/diffbot_system.cpp:247:39:[m[K [01;31m[Kerror: [m[Kcannot bind non-const lvalue reference of type â€˜[01m[Kint&[m[Kâ€™ to a value of type â€˜[01m[Kdouble[m[Kâ€™
[18.320s]   247 |   comms_.read_servo_values([01;31m[Kgripper_l_.degrees[m[K, gripper_r_.degrees);
[18.320s]       |                            [01;31m[K~~~~~~~~~~~^~~~~~~[m[K
[18.320s] In file included from [01m[K/home/olympusolutions/senior_ws/src/extender_arduino/hardware/include/extender_arduino/diffbot_system.hpp:34[m[K,
[18.320s]                  from [01m[K/home/olympusolutions/senior_ws/src/extender_arduino/hardware/diffbot_system.cpp:15[m[K:
[18.321s] [01m[K/home/olympusolutions/senior_ws/src/extender_arduino/hardware/include/extender_arduino/arduino_comms.hpp:114:31:[m[K [01;36m[Knote: [m[K  initializing argument 1 of â€˜[01m[Kvoid ArduinoComms::[01;32m[Kread_servo_values[m[K(int&, int&)[m[Kâ€™
[18.321s]   114 |   void read_servo_values([01;36m[Kint &val_1[m[K, int &val_2)
[18.321s]       |                          [01;36m[K~~~~~^~~~~[m[K
[23.426s] gmake[2]: *** [CMakeFiles/extender_arduino.dir/build.make:76: CMakeFiles/extender_arduino.dir/hardware/diffbot_system.cpp.o] Error 1
[23.428s] gmake[1]: *** [CMakeFiles/Makefile2:137: CMakeFiles/extender_arduino.dir/all] Error 2
[23.428s] gmake: *** [Makefile:146: all] Error 2
[23.437s] Invoked command in '/home/olympusolutions/senior_ws/build/extender_arduino' returned '2': CMAKE_PREFIX_PATH=${CMAKE_PREFIX_PATH}:/home/olympusolutions/senior_ws/install/twist_stamper:/home/olympusolutions/senior_ws/install/serial_motor_demo:/home/olympusolutions/senior_ws/install/my_package:/home/olympusolutions/senior_ws/install/listener_package:/home/olympusolutions/senior_ws/install/joy_tester:/opt/ros/jazzy DEBUGINFOD_URLS=https://debuginfod.ubuntu.com /usr/bin/cmake --build /home/olympusolutions/senior_ws/build/extender_arduino -- -j4 -l4
